<?xml version="1.0" encoding="UTF-8"?>
<!-- Generated by org.testng.reporters.JUnitXMLReporter -->
<testsuite ignored="28" hostname="DESKTOP-VE8V3VS" failures="0" tests="1" name="Default test" time="49.548" errors="0" timestamp="2023-06-25T13:15:30 CDT">
  <testcase classname="com.tests.SeleniumAutomaitonGitHub.tests.AutomationScriptsSalesforceTestNG" name="verifyTabCustomization_to_salesforce_testscript_TestCase35" time="49.523"/>
  <testcase classname="com.tests.SeleniumAutomaitonGitHub.tests.AutomationScriptsSalesforceTestNG" name="createNewOpporty_to_salesforce_testscript_TestCase16" time="0.0">
    <ignored/>
  </testcase> <!-- createNewOpporty_to_salesforce_testscript_TestCase16 -->
  <testcase classname="com.tests.SeleniumAutomaitonGitHub.tests.AutomationScriptsSalesforceTestNG" name="createAccount_to_salesforce_testscript_TestCase10" time="0.0">
    <ignored/>
  </testcase> <!-- createAccount_to_salesforce_testscript_TestCase10 -->
  <testcase classname="com.tests.SeleniumAutomaitonGitHub.tests.AutomationScriptsSalesforceTestNG" name="opportunitiesDropDown_to_salesforce_testscript_TestCase15" time="0.0">
    <ignored/>
  </testcase> <!-- opportunitiesDropDown_to_salesforce_testscript_TestCase15 -->
  <testcase classname="com.tests.SeleniumAutomaitonGitHub.tests.AutomationScriptsSalesforceTestNG" name="createNewView_to_salesforce_testscript_TestCase11" time="0.0">
    <ignored/>
  </testcase> <!-- createNewView_to_salesforce_testscript_TestCase11 -->
  <testcase classname="com.tests.SeleniumAutomaitonGitHub.tests.AutomationScriptsSalesforceTestNG" name="checkNewBtnOnLeadsHome_to_salesforce_testscript_TestCase24" time="0.0">
    <ignored/>
  </testcase> <!-- checkNewBtnOnLeadsHome_to_salesforce_testscript_TestCase24 -->
  <testcase classname="com.tests.SeleniumAutomaitonGitHub.tests.AutomationScriptsSalesforceTestNG" name="opportunityQuarterlySummaryReport_to_salesforce_testscript_TestCase19" time="0.0">
    <ignored/>
  </testcase> <!-- opportunityQuarterlySummaryReport_to_salesforce_testscript_TestCase19 -->
  <testcase classname="com.tests.SeleniumAutomaitonGitHub.tests.AutomationScriptsSalesforceTestNG" name="functionalityOfGoBtn_to_salesforce_testscript_TestCase22" time="0.0">
    <ignored/>
  </testcase> <!-- functionalityOfGoBtn_to_salesforce_testscript_TestCase22 -->
  <testcase classname="com.tests.SeleniumAutomaitonGitHub.tests.AutomationScriptsSalesforceTestNG" name="Navigate_to_SFDC_ErrorMsg_TestCase1" time="0.0">
    <ignored/>
  </testcase> <!-- Navigate_to_SFDC_ErrorMsg_TestCase1 -->
  <testcase classname="com.tests.SeleniumAutomaitonGitHub.tests.AutomationScriptsSalesforceTestNG" name="todaysLeadsChooseInDropDown_to_salesforce_testscript_TestCase23" time="0.0">
    <ignored/>
  </testcase> <!-- todaysLeadsChooseInDropDown_to_salesforce_testscript_TestCase23 -->
  <testcase classname="com.tests.SeleniumAutomaitonGitHub.tests.AutomationScriptsSalesforceTestNG" name="opportunityPipeLineReport_to_salesforce_testscript_TestCase17" time="0.0">
    <ignored/>
  </testcase> <!-- opportunityPipeLineReport_to_salesforce_testscript_TestCase17 -->
  <testcase classname="com.tests.SeleniumAutomaitonGitHub.tests.AutomationScriptsSalesforceTestNG" name="VerifyFirstNameLastName_to_salesforce_testscript_TestCase33" time="0.0">
    <ignored/>
  </testcase> <!-- VerifyFirstNameLastName_to_salesforce_testscript_TestCase33 -->
  <testcase classname="com.tests.SeleniumAutomaitonGitHub.tests.AutomationScriptsSalesforceTestNG" name="createNewContact_to_salesforce_testscript_TestCase25" time="0.0">
    <ignored/>
  </testcase> <!-- createNewContact_to_salesforce_testscript_TestCase25 -->
  <testcase classname="com.tests.SeleniumAutomaitonGitHub.tests.AutomationScriptsSalesforceTestNG" name="rememberUsernameCheckBox_to_salesforce_testscript_TestCase3" time="0.0">
    <ignored/>
  </testcase> <!-- rememberUsernameCheckBox_to_salesforce_testscript_TestCase3 -->
  <testcase classname="com.tests.SeleniumAutomaitonGitHub.tests.AutomationScriptsSalesforceTestNG" name="login_to_salesforce_testscript_TestCase2" time="0.0">
    <ignored/>
  </testcase> <!-- login_to_salesforce_testscript_TestCase2 -->
  <testcase classname="com.tests.SeleniumAutomaitonGitHub.tests.AutomationScriptsSalesforceTestNG" name="LeadsTab_to_salesforce_testscript_TestCase20" time="0.0">
    <ignored/>
  </testcase> <!-- LeadsTab_to_salesforce_testscript_TestCase20 -->
  <testcase classname="com.tests.SeleniumAutomaitonGitHub.tests.AutomationScriptsSalesforceTestNG" name="developerConsoleButtonClick_to_salesforce_testscript_TestCase8" time="0.0">
    <ignored/>
  </testcase> <!-- developerConsoleButtonClick_to_salesforce_testscript_TestCase8 -->
  <testcase classname="com.tests.SeleniumAutomaitonGitHub.tests.AutomationScriptsSalesforceTestNG" name="viewContactInContactPage_to_salesforce_testscript_TestCase29" time="0.0">
    <ignored/>
  </testcase> <!-- viewContactInContactPage_to_salesforce_testscript_TestCase29 -->
  <testcase classname="com.tests.SeleniumAutomaitonGitHub.tests.AutomationScriptsSalesforceTestNG" name="forgotPassword_to_salesforce_testscript_TestCase4A" time="0.0">
    <ignored/>
  </testcase> <!-- forgotPassword_to_salesforce_testscript_TestCase4A -->
  <testcase classname="com.tests.SeleniumAutomaitonGitHub.tests.AutomationScriptsSalesforceTestNG" name="createNewViewInContactPage_to_salesforce_testscript_TestCase26" time="0.0">
    <ignored/>
  </testcase> <!-- createNewViewInContactPage_to_salesforce_testscript_TestCase26 -->
  <testcase classname="com.tests.SeleniumAutomaitonGitHub.tests.AutomationScriptsSalesforceTestNG" name="recentlyCreatedContactCheck_to_salesforce_testscript_TestCase27" time="0.0">
    <ignored/>
  </testcase> <!-- recentlyCreatedContactCheck_to_salesforce_testscript_TestCase27 -->
  <testcase classname="com.tests.SeleniumAutomaitonGitHub.tests.AutomationScriptsSalesforceTestNG" name="validateViewDropDownListContent_to_salesforce_testscript_TestCase21" time="0.0">
    <ignored/>
  </testcase> <!-- validateViewDropDownListContent_to_salesforce_testscript_TestCase21 -->
  <testcase classname="com.tests.SeleniumAutomaitonGitHub.tests.AutomationScriptsSalesforceTestNG" name="myProfileOption_to_salesforce_testscript_TestCase6" time="0.0">
    <ignored/>
  </testcase> <!-- myProfileOption_to_salesforce_testscript_TestCase6 -->
  <testcase classname="com.tests.SeleniumAutomaitonGitHub.tests.AutomationScriptsSalesforceTestNG" name="VerifyEditedLastnameIsUpdatedAtVariousPlaces_to_salesforce_testscript_TestCase34" time="0.0">
    <ignored/>
  </testcase> <!-- VerifyEditedLastnameIsUpdatedAtVariousPlaces_to_salesforce_testscript_TestCase34 -->
  <testcase classname="com.tests.SeleniumAutomaitonGitHub.tests.AutomationScriptsSalesforceTestNG" name="dropDownUserMenuCheck_to_salesforce_testscript_TestCase5" time="0.0">
    <ignored/>
  </testcase> <!-- dropDownUserMenuCheck_to_salesforce_testscript_TestCase5 -->
  <testcase classname="com.tests.SeleniumAutomaitonGitHub.tests.AutomationScriptsSalesforceTestNG" name="wrongPasswordwrongUsername_to_salesforce_testscript_TestCase4B" time="0.0">
    <ignored/>
  </testcase> <!-- wrongPasswordwrongUsername_to_salesforce_testscript_TestCase4B -->
  <testcase classname="com.tests.SeleniumAutomaitonGitHub.tests.AutomationScriptsSalesforceTestNG" name="myContactsViewCheck_to_salesforce_testscript_TestCase28" time="0.0">
    <ignored/>
  </testcase> <!-- myContactsViewCheck_to_salesforce_testscript_TestCase28 -->
  <testcase classname="com.tests.SeleniumAutomaitonGitHub.tests.AutomationScriptsSalesforceTestNG" name="opportunityStuckReport_to_salesforce_testscript_TestCase18" time="0.0">
    <ignored/>
  </testcase> <!-- opportunityStuckReport_to_salesforce_testscript_TestCase18 -->
  <testcase classname="com.tests.SeleniumAutomaitonGitHub.tests.AutomationScriptsSalesforceTestNG" name="userMenuLogOutClick_to_salesforce_testscript_TestCase9" time="0.0">
    <ignored/>
  </testcase> <!-- userMenuLogOutClick_to_salesforce_testscript_TestCase9 -->
</testsuite> <!-- Default test -->
